Error[113]   C:\USERS\NADA\DESKTOP\ASSIGMENT\ASSIGMENT.ASM 72 : Symbol not previously defined (Bottle_Number)
Error[113]   C:\USERS\NADA\DESKTOP\ASSIGMENT\ASSIGMENT.ASM 73 : Symbol not previously defined (Caroon_Number)
Warning[205] C:\USERS\NADA\DESKTOP\ASSIGMENT\ASSIGMENT.ASM 78 : Found directive in column 1. (banksel)
Warning[203] C:\USERS\NADA\DESKTOP\ASSIGMENT\ASSIGMENT.ASM 79 : Found opcode in column 1. (BSF)
Message[302] C:\USERS\NADA\DESKTOP\ASSIGMENT\ASSIGMENT.ASM 79 : Register in operand not in bank 0.  Ensure that bank bits are correct.
Warning[203] C:\USERS\NADA\DESKTOP\ASSIGMENT\ASSIGMENT.ASM 80 : Found opcode in column 1. (BCF)
Message[302] C:\USERS\NADA\DESKTOP\ASSIGMENT\ASSIGMENT.ASM 80 : Register in operand not in bank 0.  Ensure that bank bits are correct.
Warning[203] C:\USERS\NADA\DESKTOP\ASSIGMENT\ASSIGMENT.ASM 81 : Found opcode in column 1. (BSF)
Message[302] C:\USERS\NADA\DESKTOP\ASSIGMENT\ASSIGMENT.ASM 81 : Register in operand not in bank 0.  Ensure that bank bits are correct.
Warning[203] C:\USERS\NADA\DESKTOP\ASSIGMENT\ASSIGMENT.ASM 82 : Found opcode in column 1. (BCF)
Message[302] C:\USERS\NADA\DESKTOP\ASSIGMENT\ASSIGMENT.ASM 82 : Register in operand not in bank 0.  Ensure that bank bits are correct.
Warning[203] C:\USERS\NADA\DESKTOP\ASSIGMENT\ASSIGMENT.ASM 83 : Found opcode in column 1. (BCF)
Message[302] C:\USERS\NADA\DESKTOP\ASSIGMENT\ASSIGMENT.ASM 83 : Register in operand not in bank 0.  Ensure that bank bits are correct.
Warning[203] C:\USERS\NADA\DESKTOP\ASSIGMENT\ASSIGMENT.ASM 84 : Found opcode in column 1. (BCF)
Message[302] C:\USERS\NADA\DESKTOP\ASSIGMENT\ASSIGMENT.ASM 84 : Register in operand not in bank 0.  Ensure that bank bits are correct.
Error[113]   C:\USERS\NADA\DESKTOP\ASSIGMENT\ASSIGMENT.ASM 84 : Symbol not previously defined (RA5)
Warning[203] C:\USERS\NADA\DESKTOP\ASSIGMENT\ASSIGMENT.ASM 85 : Found opcode in column 1. (BCF)
Message[302] C:\USERS\NADA\DESKTOP\ASSIGMENT\ASSIGMENT.ASM 85 : Register in operand not in bank 0.  Ensure that bank bits are correct.
Error[113]   C:\USERS\NADA\DESKTOP\ASSIGMENT\ASSIGMENT.ASM 85 : Symbol not previously defined (RA6)
Warning[203] C:\USERS\NADA\DESKTOP\ASSIGMENT\ASSIGMENT.ASM 86 : Found opcode in column 1. (BSF)
Message[302] C:\USERS\NADA\DESKTOP\ASSIGMENT\ASSIGMENT.ASM 86 : Register in operand not in bank 0.  Ensure that bank bits are correct.
Warning[203] C:\USERS\NADA\DESKTOP\ASSIGMENT\ASSIGMENT.ASM 87 : Found opcode in column 1. (BSF)
Message[302] C:\USERS\NADA\DESKTOP\ASSIGMENT\ASSIGMENT.ASM 87 : Register in operand not in bank 0.  Ensure that bank bits are correct.
Warning[203] C:\USERS\NADA\DESKTOP\ASSIGMENT\ASSIGMENT.ASM 88 : Found opcode in column 1. (MOVLW)
Warning[203] C:\USERS\NADA\DESKTOP\ASSIGMENT\ASSIGMENT.ASM 89 : Found opcode in column 1. (MOVWF)
Warning[203] C:\USERS\NADA\DESKTOP\ASSIGMENT\ASSIGMENT.ASM 94 : Found opcode in column 1. (BTFSS)
Warning[203] C:\USERS\NADA\DESKTOP\ASSIGMENT\ASSIGMENT.ASM 95 : Found opcode in column 1. (GOTO)
Warning[203] C:\USERS\NADA\DESKTOP\ASSIGMENT\ASSIGMENT.ASM 96 : Found opcode in column 1. (GOTO)
Warning[205] C:\USERS\NADA\DESKTOP\ASSIGMENT\ASSIGMENT.ASM 102 : Found directive in column 1. (BANKSEL)
Warning[203] C:\USERS\NADA\DESKTOP\ASSIGMENT\ASSIGMENT.ASM 103 : Found opcode in column 1. (BCF)
Warning[203] C:\USERS\NADA\DESKTOP\ASSIGMENT\ASSIGMENT.ASM 104 : Found opcode in column 1. (CALL)
Warning[205] C:\USERS\NADA\DESKTOP\ASSIGMENT\ASSIGMENT.ASM 108 : Found directive in column 1. (BANKSEL)
Warning[203] C:\USERS\NADA\DESKTOP\ASSIGMENT\ASSIGMENT.ASM 109 : Found opcode in column 1. (BTFSC)
Warning[203] C:\USERS\NADA\DESKTOP\ASSIGMENT\ASSIGMENT.ASM 110 : Found opcode in column 1. (GOTO)
Error[113]   C:\USERS\NADA\DESKTOP\ASSIGMENT\ASSIGMENT.ASM 110 : Symbol not previously defined (STATUSA)
Warning[203] C:\USERS\NADA\DESKTOP\ASSIGMENT\ASSIGMENT.ASM 111 : Found opcode in column 1. (GOTO)
Error[113]   C:\USERS\NADA\DESKTOP\ASSIGMENT\ASSIGMENT.ASM 111 : Symbol not previously defined (OUTHERWISE)
Warning[203] C:\USERS\NADA\DESKTOP\ASSIGMENT\ASSIGMENT.ASM 113 : Found opcode in column 1. (RETURN)
Warning[203] C:\USERS\NADA\DESKTOP\ASSIGMENT\ASSIGMENT.ASM 116 : Found opcode in column 1. (BCF)
Warning[203] C:\USERS\NADA\DESKTOP\ASSIGMENT\ASSIGMENT.ASM 117 : Found opcode in column 1. (CALL)
Warning[203] C:\USERS\NADA\DESKTOP\ASSIGMENT\ASSIGMENT.ASM 118 : Found opcode in column 1. (BCF)
Warning[203] C:\USERS\NADA\DESKTOP\ASSIGMENT\ASSIGMENT.ASM 119 : Found opcode in column 1. (CALL)
Warning[203] C:\USERS\NADA\DESKTOP\ASSIGMENT\ASSIGMENT.ASM 120 : Found opcode in column 1. (MOVLW)
Warning[203] C:\USERS\NADA\DESKTOP\ASSIGMENT\ASSIGMENT.ASM 121 : Found opcode in column 1. (MOVWF)
Warning[203] C:\USERS\NADA\DESKTOP\ASSIGMENT\ASSIGMENT.ASM 122 : Found opcode in column 1. (BCF)
Error[113]   C:\USERS\NADA\DESKTOP\ASSIGMENT\ASSIGMENT.ASM 122 : Symbol not previously defined (RA5)
Warning[203] C:\USERS\NADA\DESKTOP\ASSIGMENT\ASSIGMENT.ASM 123 : Found opcode in column 1. (BCF)
Error[113]   C:\USERS\NADA\DESKTOP\ASSIGMENT\ASSIGMENT.ASM 123 : Symbol not previously defined (RA6)
Warning[203] C:\USERS\NADA\DESKTOP\ASSIGMENT\ASSIGMENT.ASM 124 : Found opcode in column 1. (CALL)
Warning[203] C:\USERS\NADA\DESKTOP\ASSIGMENT\ASSIGMENT.ASM 126 : Found opcode in column 1. (MOVLW)
Warning[203] C:\USERS\NADA\DESKTOP\ASSIGMENT\ASSIGMENT.ASM 127 : Found opcode in column 1. (ADDWF)
Message[305] C:\USERS\NADA\DESKTOP\ASSIGMENT\ASSIGMENT.ASM 127 : Using default destination of 1 (file).
Warning[203] C:\USERS\NADA\DESKTOP\ASSIGMENT\ASSIGMENT.ASM 128 : Found opcode in column 1. (DECFSZ)
Message[305] C:\USERS\NADA\DESKTOP\ASSIGMENT\ASSIGMENT.ASM 128 : Using default destination of 1 (file).
Warning[203] C:\USERS\NADA\DESKTOP\ASSIGMENT\ASSIGMENT.ASM 129 : Found opcode in column 1. (GOTO)
Warning[203] C:\USERS\NADA\DESKTOP\ASSIGMENT\ASSIGMENT.ASM 130 : Found opcode in column 1. (GOTO)
Error[113]   C:\USERS\NADA\DESKTOP\ASSIGMENT\ASSIGMENT.ASM 130 : Symbol not previously defined (FINIH)
Warning[203] C:\USERS\NADA\DESKTOP\ASSIGMENT\ASSIGMENT.ASM 131 : Found opcode in column 1. (RETURN)
Warning[203] C:\USERS\NADA\DESKTOP\ASSIGMENT\ASSIGMENT.ASM 134 : Found opcode in column 1. (BTFSC)
Warning[203] C:\USERS\NADA\DESKTOP\ASSIGMENT\ASSIGMENT.ASM 135 : Found opcode in column 1. (GOTO)
Warning[203] C:\USERS\NADA\DESKTOP\ASSIGMENT\ASSIGMENT.ASM 136 : Found opcode in column 1. (GOTO)
Warning[203] C:\USERS\NADA\DESKTOP\ASSIGMENT\ASSIGMENT.ASM 139 : Found opcode in column 1. (BCF)
Warning[203] C:\USERS\NADA\DESKTOP\ASSIGMENT\ASSIGMENT.ASM 140 : Found opcode in column 1. (CALL)
Warning[203] C:\USERS\NADA\DESKTOP\ASSIGMENT\ASSIGMENT.ASM 141 : Found opcode in column 1. (MOVLW)
Warning[203] C:\USERS\NADA\DESKTOP\ASSIGMENT\ASSIGMENT.ASM 142 : Found opcode in column 1. (MOVWF)
Warning[203] C:\USERS\NADA\DESKTOP\ASSIGMENT\ASSIGMENT.ASM 143 : Found opcode in column 1. (BCF)
Error[113]   C:\USERS\NADA\DESKTOP\ASSIGMENT\ASSIGMENT.ASM 143 : Symbol not previously defined (RA5)
Warning[203] C:\USERS\NADA\DESKTOP\ASSIGMENT\ASSIGMENT.ASM 144 : Found opcode in column 1. (BCF)
Error[113]   C:\USERS\NADA\DESKTOP\ASSIGMENT\ASSIGMENT.ASM 144 : Symbol not previously defined (RA6)
Warning[203] C:\USERS\NADA\DESKTOP\ASSIGMENT\ASSIGMENT.ASM 145 : Found opcode in column 1. (CALL)
Warning[203] C:\USERS\NADA\DESKTOP\ASSIGMENT\ASSIGMENT.ASM 147 : Found opcode in column 1. (MOVLW)
Warning[203] C:\USERS\NADA\DESKTOP\ASSIGMENT\ASSIGMENT.ASM 148 : Found opcode in column 1. (ADDWF)
Message[305] C:\USERS\NADA\DESKTOP\ASSIGMENT\ASSIGMENT.ASM 148 : Using default destination of 1 (file).
Warning[203] C:\USERS\NADA\DESKTOP\ASSIGMENT\ASSIGMENT.ASM 149 : Found opcode in column 1. (DECFSZ)
Message[305] C:\USERS\NADA\DESKTOP\ASSIGMENT\ASSIGMENT.ASM 149 : Using default destination of 1 (file).
Warning[203] C:\USERS\NADA\DESKTOP\ASSIGMENT\ASSIGMENT.ASM 150 : Found opcode in column 1. (GOTO)
Warning[203] C:\USERS\NADA\DESKTOP\ASSIGMENT\ASSIGMENT.ASM 151 : Found opcode in column 1. (GOTO)
Error[113]   C:\USERS\NADA\DESKTOP\ASSIGMENT\ASSIGMENT.ASM 151 : Symbol not previously defined (FINIH)
Warning[203] C:\USERS\NADA\DESKTOP\ASSIGMENT\ASSIGMENT.ASM 152 : Found opcode in column 1. (RETURN)
Warning[203] C:\USERS\NADA\DESKTOP\ASSIGMENT\ASSIGMENT.ASM 155 : Found opcode in column 1. (BCF)
Warning[203] C:\USERS\NADA\DESKTOP\ASSIGMENT\ASSIGMENT.ASM 156 : Found opcode in column 1. (CALL)
Warning[203] C:\USERS\NADA\DESKTOP\ASSIGMENT\ASSIGMENT.ASM 157 : Found opcode in column 1. (BCF)
Warning[203] C:\USERS\NADA\DESKTOP\ASSIGMENT\ASSIGMENT.ASM 158 : Found opcode in column 1. (CALL)
Warning[203] C:\USERS\NADA\DESKTOP\ASSIGMENT\ASSIGMENT.ASM 160 : Found opcode in column 1. (MOVLW)
Warning[203] C:\USERS\NADA\DESKTOP\ASSIGMENT\ASSIGMENT.ASM 161 : Found opcode in column 1. (MOVWF)
Warning[203] C:\USERS\NADA\DESKTOP\ASSIGMENT\ASSIGMENT.ASM 162 : Found opcode in column 1. (BCF)
Error[113]   C:\USERS\NADA\DESKTOP\ASSIGMENT\ASSIGMENT.ASM 162 : Symbol not previously defined (RA5)
Warning[203] C:\USERS\NADA\DESKTOP\ASSIGMENT\ASSIGMENT.ASM 163 : Found opcode in column 1. (BCF)
Error[113]   C:\USERS\NADA\DESKTOP\ASSIGMENT\ASSIGMENT.ASM 163 : Symbol not previously defined (RA6)
Warning[203] C:\USERS\NADA\DESKTOP\ASSIGMENT\ASSIGMENT.ASM 164 : Found opcode in column 1. (CALL)
Error[116]   C:\USERS\NADA\DESKTOP\ASSIGMENT\ASSIGMENT.ASM 165 : Address label duplicated or different in second pass (LOOP_HEATER1)
Warning[203] C:\USERS\NADA\DESKTOP\ASSIGMENT\ASSIGMENT.ASM 166 : Found opcode in column 1. (MOVLW)
Warning[203] C:\USERS\NADA\DESKTOP\ASSIGMENT\ASSIGMENT.ASM 167 : Found opcode in column 1. (ADDWF)
Message[305] C:\USERS\NADA\DESKTOP\ASSIGMENT\ASSIGMENT.ASM 167 : Using default destination of 1 (file).
Warning[203] C:\USERS\NADA\DESKTOP\ASSIGMENT\ASSIGMENT.ASM 168 : Found opcode in column 1. (DECFSZ)
Message[305] C:\USERS\NADA\DESKTOP\ASSIGMENT\ASSIGMENT.ASM 168 : Using default destination of 1 (file).
Warning[203] C:\USERS\NADA\DESKTOP\ASSIGMENT\ASSIGMENT.ASM 169 : Found opcode in column 1. (GOTO)
Warning[203] C:\USERS\NADA\DESKTOP\ASSIGMENT\ASSIGMENT.ASM 170 : Found opcode in column 1. (GOTO)
Error[113]   C:\USERS\NADA\DESKTOP\ASSIGMENT\ASSIGMENT.ASM 170 : Symbol not previously defined (FINIH)
Warning[203] C:\USERS\NADA\DESKTOP\ASSIGMENT\ASSIGMENT.ASM 171 : Found opcode in column 1. (RETURN)
Warning[203] C:\USERS\NADA\DESKTOP\ASSIGMENT\ASSIGMENT.ASM 176 : Found opcode in column 1. (MOVLW)
Warning[203] C:\USERS\NADA\DESKTOP\ASSIGMENT\ASSIGMENT.ASM 177 : Found opcode in column 1. (MOVWF)
Warning[203] C:\USERS\NADA\DESKTOP\ASSIGMENT\ASSIGMENT.ASM 178 : Found opcode in column 1. (MOVLW)
Warning[203] C:\USERS\NADA\DESKTOP\ASSIGMENT\ASSIGMENT.ASM 179 : Found opcode in column 1. (MOVWF)
Warning[203] C:\USERS\NADA\DESKTOP\ASSIGMENT\ASSIGMENT.ASM 180 : Found opcode in column 1. (MOVLW)
Warning[203] C:\USERS\NADA\DESKTOP\ASSIGMENT\ASSIGMENT.ASM 181 : Found opcode in column 1. (MOVWF)
Warning[203] C:\USERS\NADA\DESKTOP\ASSIGMENT\ASSIGMENT.ASM 182 : Found opcode in column 1. (MOVLW)
Warning[203] C:\USERS\NADA\DESKTOP\ASSIGMENT\ASSIGMENT.ASM 183 : Found opcode in column 1. (MOVWF)
Warning[203] C:\USERS\NADA\DESKTOP\ASSIGMENT\ASSIGMENT.ASM 185 : Found opcode in column 1. (DECFSZ)
Warning[203] C:\USERS\NADA\DESKTOP\ASSIGMENT\ASSIGMENT.ASM 186 : Found opcode in column 1. (GOTO)
Warning[203] C:\USERS\NADA\DESKTOP\ASSIGMENT\ASSIGMENT.ASM 187 : Found opcode in column 1. (DECFSZ)
Warning[203] C:\USERS\NADA\DESKTOP\ASSIGMENT\ASSIGMENT.ASM 188 : Found opcode in column 1. (GOTO)
Warning[203] C:\USERS\NADA\DESKTOP\ASSIGMENT\ASSIGMENT.ASM 189 : Found opcode in column 1. (DECFSZ)
Warning[203] C:\USERS\NADA\DESKTOP\ASSIGMENT\ASSIGMENT.ASM 190 : Found opcode in column 1. (GOTO)
Warning[203] C:\USERS\NADA\DESKTOP\ASSIGMENT\ASSIGMENT.ASM 191 : Found opcode in column 1. (DECFSZ)
Warning[203] C:\USERS\NADA\DESKTOP\ASSIGMENT\ASSIGMENT.ASM 192 : Found opcode in column 1. (GOTO)
Warning[203] C:\USERS\NADA\DESKTOP\ASSIGMENT\ASSIGMENT.ASM 193 : Found opcode in column 1. (RETURN)
Warning[203] C:\USERS\NADA\DESKTOP\ASSIGMENT\ASSIGMENT.ASM 197 : Found opcode in column 1. (MOVLW)
Warning[203] C:\USERS\NADA\DESKTOP\ASSIGMENT\ASSIGMENT.ASM 198 : Found opcode in column 1. (MOVWF)
Warning[203] C:\USERS\NADA\DESKTOP\ASSIGMENT\ASSIGMENT.ASM 199 : Found opcode in column 1. (MOVLW)
Warning[203] C:\USERS\NADA\DESKTOP\ASSIGMENT\ASSIGMENT.ASM 200 : Found opcode in column 1. (MOVWF)
Warning[203] C:\USERS\NADA\DESKTOP\ASSIGMENT\ASSIGMENT.ASM 201 : Found opcode in column 1. (MOVLW)
Warning[203] C:\USERS\NADA\DESKTOP\ASSIGMENT\ASSIGMENT.ASM 202 : Found opcode in column 1. (MOVWF)
Warning[203] C:\USERS\NADA\DESKTOP\ASSIGMENT\ASSIGMENT.ASM 203 : Found opcode in column 1. (MOVLW)
Warning[203] C:\USERS\NADA\DESKTOP\ASSIGMENT\ASSIGMENT.ASM 204 : Found opcode in column 1. (MOVWF)
Error[116]   C:\USERS\NADA\DESKTOP\ASSIGMENT\ASSIGMENT.ASM 205 : Address label duplicated or different in second pass (LOOP)
Warning[203] C:\USERS\NADA\DESKTOP\ASSIGMENT\ASSIGMENT.ASM 206 : Found opcode in column 1. (DECFSZ)
Warning[203] C:\USERS\NADA\DESKTOP\ASSIGMENT\ASSIGMENT.ASM 207 : Found opcode in column 1. (GOTO)
Warning[203] C:\USERS\NADA\DESKTOP\ASSIGMENT\ASSIGMENT.ASM 208 : Found opcode in column 1. (DECFSZ)
Warning[203] C:\USERS\NADA\DESKTOP\ASSIGMENT\ASSIGMENT.ASM 209 : Found opcode in column 1. (GOTO)
Warning[203] C:\USERS\NADA\DESKTOP\ASSIGMENT\ASSIGMENT.ASM 210 : Found opcode in column 1. (DECFSZ)
Warning[203] C:\USERS\NADA\DESKTOP\ASSIGMENT\ASSIGMENT.ASM 211 : Found opcode in column 1. (GOTO)
Warning[203] C:\USERS\NADA\DESKTOP\ASSIGMENT\ASSIGMENT.ASM 212 : Found opcode in column 1. (DECFSZ)
Warning[203] C:\USERS\NADA\DESKTOP\ASSIGMENT\ASSIGMENT.ASM 213 : Found opcode in column 1. (GOTO)
Warning[203] C:\USERS\NADA\DESKTOP\ASSIGMENT\ASSIGMENT.ASM 214 : Found opcode in column 1. (NOP)
Warning[203] C:\USERS\NADA\DESKTOP\ASSIGMENT\ASSIGMENT.ASM 215 : Found opcode in column 1. (NOP)
Warning[203] C:\USERS\NADA\DESKTOP\ASSIGMENT\ASSIGMENT.ASM 216 : Found opcode in column 1. (RETURN)
Warning[203] C:\USERS\NADA\DESKTOP\ASSIGMENT\ASSIGMENT.ASM 220 : Found opcode in column 1. (MOVLW)
Warning[203] C:\USERS\NADA\DESKTOP\ASSIGMENT\ASSIGMENT.ASM 221 : Found opcode in column 1. (MOVWF)
Warning[203] C:\USERS\NADA\DESKTOP\ASSIGMENT\ASSIGMENT.ASM 222 : Found opcode in column 1. (MOVLW)
Warning[203] C:\USERS\NADA\DESKTOP\ASSIGMENT\ASSIGMENT.ASM 223 : Found opcode in column 1. (MOVWF)
Warning[203] C:\USERS\NADA\DESKTOP\ASSIGMENT\ASSIGMENT.ASM 224 : Found opcode in column 1. (MOVLW)
Warning[203] C:\USERS\NADA\DESKTOP\ASSIGMENT\ASSIGMENT.ASM 225 : Found opcode in column 1. (MOVWF)
Warning[203] C:\USERS\NADA\DESKTOP\ASSIGMENT\ASSIGMENT.ASM 226 : Found opcode in column 1. (MOVLW)
Warning[203] C:\USERS\NADA\DESKTOP\ASSIGMENT\ASSIGMENT.ASM 227 : Found opcode in column 1. (MOVWF)
Warning[203] C:\USERS\NADA\DESKTOP\ASSIGMENT\ASSIGMENT.ASM 229 : Found opcode in column 1. (DECFSZ)
Warning[203] C:\USERS\NADA\DESKTOP\ASSIGMENT\ASSIGMENT.ASM 230 : Found opcode in column 1. (GOTO)
Warning[203] C:\USERS\NADA\DESKTOP\ASSIGMENT\ASSIGMENT.ASM 231 : Found opcode in column 1. (DECFSZ)
Warning[203] C:\USERS\NADA\DESKTOP\ASSIGMENT\ASSIGMENT.ASM 232 : Found opcode in column 1. (GOTO)
Warning[203] C:\USERS\NADA\DESKTOP\ASSIGMENT\ASSIGMENT.ASM 233 : Found opcode in column 1. (DECFSZ)
Warning[203] C:\USERS\NADA\DESKTOP\ASSIGMENT\ASSIGMENT.ASM 234 : Found opcode in column 1. (GOTO)
Warning[203] C:\USERS\NADA\DESKTOP\ASSIGMENT\ASSIGMENT.ASM 235 : Found opcode in column 1. (DECFSZ)
Warning[203] C:\USERS\NADA\DESKTOP\ASSIGMENT\ASSIGMENT.ASM 236 : Found opcode in column 1. (GOTO)
Warning[203] C:\USERS\NADA\DESKTOP\ASSIGMENT\ASSIGMENT.ASM 237 : Found opcode in column 1. (NOP)
Warning[203] C:\USERS\NADA\DESKTOP\ASSIGMENT\ASSIGMENT.ASM 238 : Found opcode in column 1. (NOP)
Warning[203] C:\USERS\NADA\DESKTOP\ASSIGMENT\ASSIGMENT.ASM 239 : Found opcode in column 1. (RETURN)
Warning[203] C:\USERS\NADA\DESKTOP\ASSIGMENT\ASSIGMENT.ASM 244 : Found opcode in column 1. (MOVLW)
Warning[203] C:\USERS\NADA\DESKTOP\ASSIGMENT\ASSIGMENT.ASM 245 : Found opcode in column 1. (MOVWF)
Warning[203] C:\USERS\NADA\DESKTOP\ASSIGMENT\ASSIGMENT.ASM 246 : Found opcode in column 1. (MOVLW)
Warning[203] C:\USERS\NADA\DESKTOP\ASSIGMENT\ASSIGMENT.ASM 247 : Found opcode in column 1. (MOVWF)
Warning[203] C:\USERS\NADA\DESKTOP\ASSIGMENT\ASSIGMENT.ASM 248 : Found opcode in column 1. (MOVLW)
Warning[203] C:\USERS\NADA\DESKTOP\ASSIGMENT\ASSIGMENT.ASM 249 : Found opcode in column 1. (MOVWF)
Warning[203] C:\USERS\NADA\DESKTOP\ASSIGMENT\ASSIGMENT.ASM 250 : Found opcode in column 1. (MOVLW)
Warning[203] C:\USERS\NADA\DESKTOP\ASSIGMENT\ASSIGMENT.ASM 251 : Found opcode in column 1. (MOVWF)
Error[116]   C:\USERS\NADA\DESKTOP\ASSIGMENT\ASSIGMENT.ASM 252 : Address label duplicated or different in second pass (LOOP)
Warning[203] C:\USERS\NADA\DESKTOP\ASSIGMENT\ASSIGMENT.ASM 253 : Found opcode in column 1. (DECFSZ)
Warning[203] C:\USERS\NADA\DESKTOP\ASSIGMENT\ASSIGMENT.ASM 254 : Found opcode in column 1. (GOTO)
Warning[203] C:\USERS\NADA\DESKTOP\ASSIGMENT\ASSIGMENT.ASM 255 : Found opcode in column 1. (DECFSZ)
Warning[203] C:\USERS\NADA\DESKTOP\ASSIGMENT\ASSIGMENT.ASM 256 : Found opcode in column 1. (GOTO)
Warning[203] C:\USERS\NADA\DESKTOP\ASSIGMENT\ASSIGMENT.ASM 257 : Found opcode in column 1. (DECFSZ)
Warning[203] C:\USERS\NADA\DESKTOP\ASSIGMENT\ASSIGMENT.ASM 258 : Found opcode in column 1. (GOTO)
Warning[203] C:\USERS\NADA\DESKTOP\ASSIGMENT\ASSIGMENT.ASM 259 : Found opcode in column 1. (DECFSZ)
Warning[203] C:\USERS\NADA\DESKTOP\ASSIGMENT\ASSIGMENT.ASM 260 : Found opcode in column 1. (GOTO)
Warning[203] C:\USERS\NADA\DESKTOP\ASSIGMENT\ASSIGMENT.ASM 261 : Found opcode in column 1. (NOP)
Warning[203] C:\USERS\NADA\DESKTOP\ASSIGMENT\ASSIGMENT.ASM 266 : Found opcode in column 1. (MOVLW)
Warning[203] C:\USERS\NADA\DESKTOP\ASSIGMENT\ASSIGMENT.ASM 267 : Found opcode in column 1. (MOVWF)
Warning[203] C:\USERS\NADA\DESKTOP\ASSIGMENT\ASSIGMENT.ASM 268 : Found opcode in column 1. (MOVLW)
Warning[203] C:\USERS\NADA\DESKTOP\ASSIGMENT\ASSIGMENT.ASM 269 : Found opcode in column 1. (MOVWF)
Warning[203] C:\USERS\NADA\DESKTOP\ASSIGMENT\ASSIGMENT.ASM 270 : Found opcode in column 1. (MOVLW)
Warning[203] C:\USERS\NADA\DESKTOP\ASSIGMENT\ASSIGMENT.ASM 271 : Found opcode in column 1. (MOVWF)
Warning[203] C:\USERS\NADA\DESKTOP\ASSIGMENT\ASSIGMENT.ASM 272 : Found opcode in column 1. (MOVLW)
Warning[203] C:\USERS\NADA\DESKTOP\ASSIGMENT\ASSIGMENT.ASM 273 : Found opcode in column 1. (MOVWF)
Warning[203] C:\USERS\NADA\DESKTOP\ASSIGMENT\ASSIGMENT.ASM 275 : Found opcode in column 1. (DECFSZ)
Warning[203] C:\USERS\NADA\DESKTOP\ASSIGMENT\ASSIGMENT.ASM 276 : Found opcode in column 1. (GOTO)
Warning[203] C:\USERS\NADA\DESKTOP\ASSIGMENT\ASSIGMENT.ASM 277 : Found opcode in column 1. (DECFSZ)
Warning[203] C:\USERS\NADA\DESKTOP\ASSIGMENT\ASSIGMENT.ASM 278 : Found opcode in column 1. (GOTO)
Warning[203] C:\USERS\NADA\DESKTOP\ASSIGMENT\ASSIGMENT.ASM 279 : Found opcode in column 1. (DECFSZ)
Warning[203] C:\USERS\NADA\DESKTOP\ASSIGMENT\ASSIGMENT.ASM 280 : Found opcode in column 1. (GOTO)
Warning[203] C:\USERS\NADA\DESKTOP\ASSIGMENT\ASSIGMENT.ASM 281 : Found opcode in column 1. (DECFSZ)
Warning[203] C:\USERS\NADA\DESKTOP\ASSIGMENT\ASSIGMENT.ASM 282 : Found opcode in column 1. (GOTO)
Warning[203] C:\USERS\NADA\DESKTOP\ASSIGMENT\ASSIGMENT.ASM 283 : Found opcode in column 1. (NOP)
Warning[203] C:\USERS\NADA\DESKTOP\ASSIGMENT\ASSIGMENT.ASM 284 : Found opcode in column 1. (NOP)
Warning[203] C:\USERS\NADA\DESKTOP\ASSIGMENT\ASSIGMENT.ASM 285 : Found opcode in column 1. (RETURN)
Warning[206] C:\USERS\NADA\DESKTOP\ASSIGMENT\ASSIGMENT.ASM 295 : Found call to macro in column 1. (push)
Warning[203] C:\USERS\NADA\DESKTOP\ASSIGMENT\ASSIGMENT.ASM 308 : Found opcode in column 1. (NOP)
